# JRE version: OpenJDK Runtime Environment Microsoft-7208460 (11.0.18+10) (build 11.0.18+10-LTS)
# Java VM: OpenJDK 64-Bit Server VM Microsoft-7208460 (11.0.18+10-LTS, mixed mode, tiered, compressed oops, g1 gc, windows-amd64)
Heap:
 garbage-first heap   total 245760K, used 219691K [0x0000000080000000, 0x0000000100000000)
  region size 1024K, 3 young (3072K), 3 survivors (3072K)
 Metaspace       used 100745K, capacity 103466K, committed 103632K, reserved 606208K
  class space    used 13223K, capacity 14363K, committed 14464K, reserved 516096K
GC Heap History (20 events):
Event: 19.435 GC heap before
{Heap before GC invocations=28 (full 0):
 garbage-first heap   total 145408K, used 118457K [0x0000000080000000, 0x0000000100000000)
  region size 1024K, 38 young (38912K), 4 survivors (4096K)
 Metaspace       used 90323K, capacity 92811K, committed 93008K, reserved 598016K
  class space    used 11907K, capacity 12938K, committed 13056K, reserved 516096K
}
Event: 19.439 GC heap after
{Heap after GC invocations=29 (full 0):
 garbage-first heap   total 145408K, used 85895K [0x0000000080000000, 0x0000000100000000)
  region size 1024K, 3 young (3072K), 3 survivors (3072K)
 Metaspace       used 90323K, capacity 92811K, committed 93008K, reserved 598016K
  class space    used 11907K, capacity 12938K, committed 13056K, reserved 516096K
}
Event: 20.039 GC heap before
{Heap before GC invocations=29 (full 0):
 garbage-first heap   total 145408K, used 119687K [0x0000000080000000, 0x0000000100000000)
  region size 1024K, 36 young (36864K), 3 survivors (3072K)
 Metaspace       used 92348K, capacity 94871K, committed 94928K, reserved 598016K
  class space    used 12123K, capacity 13151K, committed 13184K, reserved 516096K
}
Event: 20.048 GC heap after
{Heap after GC invocations=30 (full 0):
 garbage-first heap   total 145408K, used 89330K [0x0000000080000000, 0x0000000100000000)
  region size 1024K, 5 young (5120K), 5 survivors (5120K)
 Metaspace       used 92348K, capacity 94871K, committed 94928K, reserved 598016K
  class space    used 12123K, capacity 13151K, committed 13184K, reserved 516096K
}
Event: 20.580 GC heap before
{Heap before GC invocations=31 (full 0):
 garbage-first heap   total 145408K, used 120050K [0x0000000080000000, 0x0000000100000000)
  region size 1024K, 35 young (35840K), 5 survivors (5120K)
 Metaspace       used 95219K, capacity 97794K, committed 98000K, reserved 602112K
  class space    used 12562K, capacity 13621K, committed 13696K, reserved 516096K
}
Event: 20.586 GC heap after
{Heap after GC invocations=32 (full 0):
 garbage-first heap   total 145408K, used 91325K [0x0000000080000000, 0x0000000100000000)
  region size 1024K, 2 young (2048K), 2 survivors (2048K)
 Metaspace       used 95219K, capacity 97794K, committed 98000K, reserved 602112K
  class space    used 12562K, capacity 13621K, committed 13696K, reserved 516096K
}
Event: 21.046 GC heap before
{Heap before GC invocations=32 (full 0):
 garbage-first heap   total 145408K, used 121021K [0x0000000080000000, 0x0000000100000000)
  region size 1024K, 31 young (31744K), 2 survivors (2048K)
 Metaspace       used 98143K, capacity 100842K, committed 100944K, reserved 604160K
  class space    used 12909K, capacity 14045K, committed 14080K, reserved 516096K
}
Event: 21.051 GC heap after
{Heap after GC invocations=33 (full 0):
 garbage-first heap   total 145408K, used 93922K [0x0000000080000000, 0x0000000100000000)
  region size 1024K, 4 young (4096K), 4 survivors (4096K)
 Metaspace       used 98143K, capacity 100842K, committed 100944K, reserved 604160K
  class space    used 12909K, capacity 14045K, committed 14080K, reserved 516096K
}
Event: 21.375 GC heap before
{Heap before GC invocations=34 (full 0):
 garbage-first heap   total 145408K, used 122594K [0x0000000080000000, 0x0000000100000000)
  region size 1024K, 32 young (32768K), 4 survivors (4096K)
 Metaspace       used 99501K, capacity 102147K, committed 102352K, reserved 606208K
  class space    used 13069K, capacity 14176K, committed 14208K, reserved 516096K
}
Event: 21.381 GC heap after
{Heap after GC invocations=35 (full 0):
 garbage-first heap   total 145408K, used 96626K [0x0000000080000000, 0x0000000100000000)
  region size 1024K, 3 young (3072K), 3 survivors (3072K)
 Metaspace       used 99501K, capacity 102147K, committed 102352K, reserved 606208K
  class space    used 13069K, capacity 14176K, committed 14208K, reserved 516096K
}
Event: 21.436 GC heap before
{Heap before GC invocations=35 (full 0):
 garbage-first heap   total 145408K, used 100722K [0x0000000080000000, 0x0000000100000000)
  region size 1024K, 7 young (7168K), 3 survivors (3072K)
 Metaspace       used 99669K, capacity 102430K, committed 102736K, reserved 606208K
  class space    used 13094K, capacity 14247K, committed 14336K, reserved 516096K
}
Event: 21.441 GC heap after
{Heap after GC invocations=36 (full 0):
 garbage-first heap   total 145408K, used 96807K [0x0000000080000000, 0x0000000100000000)
  region size 1024K, 1 young (1024K), 1 survivors (1024K)
 Metaspace       used 99669K, capacity 102430K, committed 102736K, reserved 606208K
  class space    used 13094K, capacity 14247K, committed 14336K, reserved 516096K
}
Event: 21.946 GC heap before
{Heap before GC invocations=36 (full 0):
 garbage-first heap   total 145408K, used 121383K [0x0000000080000000, 0x0000000100000000)
  region size 1024K, 26 young (26624K), 1 survivors (1024K)
 Metaspace       used 100086K, capacity 102835K, committed 102992K, reserved 606208K
  class space    used 13129K, capacity 14290K, committed 14336K, reserved 516096K
}
Event: 21.950 GC heap after
{Heap after GC invocations=37 (full 0):
 garbage-first heap   total 145408K, used 99714K [0x0000000080000000, 0x0000000100000000)
  region size 1024K, 4 young (4096K), 4 survivors (4096K)
 Metaspace       used 100086K, capacity 102835K, committed 102992K, reserved 606208K
  class space    used 13129K, capacity 14290K, committed 14336K, reserved 516096K
}
Event: 22.210 GC heap before
{Heap before GC invocations=38 (full 0):
 garbage-first heap   total 145408K, used 121218K [0x0000000080000000, 0x0000000100000000)
  region size 1024K, 26 young (26624K), 4 survivors (4096K)
 Metaspace       used 100653K, capacity 103487K, committed 103632K, reserved 606208K
  class space    used 13226K, capacity 14374K, committed 14464K, reserved 516096K
}
Event: 22.215 GC heap after
{Heap after GC invocations=39 (full 0):
 garbage-first heap   total 145408K, used 101480K [0x0000000080000000, 0x0000000100000000)
  region size 1024K, 4 young (4096K), 4 survivors (4096K)
 Metaspace       used 100653K, capacity 103487K, committed 103632K, reserved 606208K
  class space    used 13226K, capacity 14374K, committed 14464K, reserved 516096K
}
Event: 22.226 GC heap before
{Heap before GC invocations=39 (full 0):
 garbage-first heap   total 145408K, used 104552K [0x0000000080000000, 0x0000000100000000)
  region size 1024K, 7 young (7168K), 4 survivors (4096K)
 Metaspace       used 100664K, capacity 103487K, committed 103632K, reserved 606208K
  class space    used 13227K, capacity 14374K, committed 14464K, reserved 516096K
}
Event: 22.232 GC heap after
{Heap after GC invocations=40 (full 0):
 garbage-first heap   total 145408K, used 99235K [0x0000000080000000, 0x0000000100000000)
  region size 1024K, 1 young (1024K), 1 survivors (1024K)
 Metaspace       used 100664K, capacity 103487K, committed 103632K, reserved 606208K
  class space    used 13227K, capacity 14374K, committed 14464K, reserved 516096K
}
Event: 22.256 GC heap before
{Heap before GC invocations=40 (full 0):
 garbage-first heap   total 145408K, used 104355K [0x0000000080000000, 0x0000000100000000)
  region size 1024K, 7 young (7168K), 1 survivors (1024K)
 Metaspace       used 100694K, capacity 103490K, committed 103632K, reserved 606208K
  class space    used 13230K, capacity 14375K, committed 14464K, reserved 516096K
}
Event: 22.260 GC heap after
{Heap after GC invocations=41 (full 0):
 garbage-first heap   total 145408K, used 100907K [0x0000000080000000, 0x0000000100000000)
  region size 1024K, 3 young (3072K), 3 survivors (3072K)
 Metaspace       used 100694K, capacity 103490K, committed 103632K, reserved 606208K
  class space    used 13230K, capacity 14375K, committed 14464K, reserved 516096K
}

